2015/04/09 14:38:54 [error] [exception.CHttpException.403] exception 'CHttpException' with message 'You are not allowed to access this page.' in /var/www/yii-1.1.16.bca042/framework/gii/GiiModule.php:170
Stack trace:
#0 /var/www/yii-1.1.16.bca042/framework/web/CController.php(263): GiiModule->beforeControllerAction(Object(DefaultController), Object(CInlineAction))
#1 /var/www/yii-1.1.16.bca042/framework/web/CWebApplication.php(282): CController->run('')
#2 /var/www/yii-1.1.16.bca042/framework/web/CWebApplication.php(141): CWebApplication->runController('gii')
#3 /var/www/yii-1.1.16.bca042/framework/base/CApplication.php(184): CWebApplication->processRequest()
#4 /var/www/index.php(13): CApplication->run()
#5 {main}
REQUEST_URI=/index.php/gii
---
2015/04/09 15:01:53 [error] [exception.CDbException] exception 'CDbException' with message 'CDbConnection failed to open the DB connection: could not find driver' in /var/www/yii-1.1.16.bca042/framework/db/CDbConnection.php:399
Stack trace:
#0 /var/www/yii-1.1.16.bca042/framework/db/CDbConnection.php(347): CDbConnection->open()
#1 /var/www/yii-1.1.16.bca042/framework/db/CDbConnection.php(325): CDbConnection->setActive(true)
#2 /var/www/yii-1.1.16.bca042/framework/base/CModule.php(394): CDbConnection->init()
#3 /var/www/yii-1.1.16.bca042/framework/base/CModule.php(103): CModule->getComponent('db')
#4 /var/www/yii-1.1.16.bca042/framework/gii/generators/model/ModelCode.php(60): CModule->__get('db')
#5 /var/www/yii-1.1.16.bca042/framework/web/CFormModel.php(39): ModelCode->init()
#6 /var/www/yii-1.1.16.bca042/framework/gii/CCodeGenerator.php(153): CFormModel->__construct()
#7 /var/www/yii-1.1.16.bca042/framework/gii/CCodeGenerator.php(63): CCodeGenerator->prepare()
#8 /var/www/yii-1.1.16.bca042/framework/web/actions/CInlineAction.php(49): CCodeGenerator->actionIndex()
#9 /var/www/yii-1.1.16.bca042/framework/web/CController.php(308): CInlineAction->runWithParams(Array)
#10 /var/www/yii-1.1.16.bca042/framework/web/CController.php(286): CController->runAction(Object(CInlineAction))
#11 /var/www/yii-1.1.16.bca042/framework/web/CController.php(265): CController->runActionWithFilters(Object(CInlineAction), Array)
#12 /var/www/yii-1.1.16.bca042/framework/web/CWebApplication.php(282): CController->run('index')
#13 /var/www/yii-1.1.16.bca042/framework/web/CWebApplication.php(141): CWebApplication->runController('gii/model/index')
#14 /var/www/yii-1.1.16.bca042/framework/base/CApplication.php(184): CWebApplication->processRequest()
#15 /var/www/index.php(13): CApplication->run()
#16 {main}
REQUEST_URI=/gii/model/index
HTTP_REFERER=http://104.236.5.192/gii/default/index
---
